<?xml version="1.0" encoding="UTF-8"?>
<!-- Generated by org.testng.reporters.JUnitReportReporter -->
<testsuite hostname="admin1-H110M-H" failures="0" tests="8" name="com.bridgelabz.fundoonotes.restassuredtest.UserServiceRestAssuredApiTest" time="6.036" errors="0" timestamp="2019-12-12T11:11:53 IST" skipped="0">
  <testcase classname="com.bridgelabz.fundoonotes.restassuredtest.UserServiceRestAssuredApiTest" name="loginApiTest" time="0.124"/>
  <testcase classname="com.bridgelabz.fundoonotes.restassuredtest.UserServiceRestAssuredApiTest" name="deleteUserApiTest" time="0.030"/>
  <testcase classname="com.bridgelabz.fundoonotes.restassuredtest.UserServiceRestAssuredApiTest" name="forgetPasswordTest" time="4.825"/>
  <testcase classname="com.bridgelabz.fundoonotes.restassuredtest.UserServiceRestAssuredApiTest" name="showUsersApiTest" time="0.012"/>
  <testcase classname="com.bridgelabz.fundoonotes.restassuredtest.UserServiceRestAssuredApiTest" name="findUserApiTest" time="0.016"/>
  <testcase classname="com.bridgelabz.fundoonotes.restassuredtest.UserServiceRestAssuredApiTest" name="addUserApiTest" time="0.900"/>
  <testcase classname="com.bridgelabz.fundoonotes.restassuredtest.UserServiceRestAssuredApiTest" name="resetPasswordTest" time="0.109"/>
  <testcase classname="com.bridgelabz.fundoonotes.restassuredtest.UserServiceRestAssuredApiTest" name="updateUserApiTest" time="0.020"/>
</testsuite> <!-- com.bridgelabz.fundoonotes.restassuredtest.UserServiceRestAssuredApiTest -->
