<?xml version="1.0" encoding="UTF-8"?>
<!-- Generated by org.testng.reporters.JUnitReportReporter -->
<testsuite hostname="admin1-H110M-H" failures="0" tests="17" name="com.bridgelabz.fundoonotes.restassuredtest.NoteServiceRestAssuredApiTest" time="1.268" errors="0" timestamp="2019-12-12T12:49:03 IST" skipped="0">
  <testcase classname="com.bridgelabz.fundoonotes.restassuredtest.NoteServiceRestAssuredApiTest" name="editReminderApiTest" time="0.026"/>
  <testcase classname="com.bridgelabz.fundoonotes.restassuredtest.NoteServiceRestAssuredApiTest" name="isPinApiTest" time="0.021"/>
  <testcase classname="com.bridgelabz.fundoonotes.restassuredtest.NoteServiceRestAssuredApiTest" name="removeReminderApiTest" time="0.017"/>
  <testcase classname="com.bridgelabz.fundoonotes.restassuredtest.NoteServiceRestAssuredApiTest" name="deleteNoteApiTest" time="0.020"/>
  <testcase classname="com.bridgelabz.fundoonotes.restassuredtest.NoteServiceRestAssuredApiTest" name="removeCollaboratorApiTest" time="0.019"/>
  <testcase classname="com.bridgelabz.fundoonotes.restassuredtest.NoteServiceRestAssuredApiTest" name="addNoteApiTest" time="0.018"/>
  <testcase classname="com.bridgelabz.fundoonotes.restassuredtest.NoteServiceRestAssuredApiTest" name="addCollaboratorApiTest" time="0.905"/>
  <testcase classname="com.bridgelabz.fundoonotes.restassuredtest.NoteServiceRestAssuredApiTest" name="archiveApiTest" time="0.023"/>
  <testcase classname="com.bridgelabz.fundoonotes.restassuredtest.NoteServiceRestAssuredApiTest" name="sortNoteByTitleDescApiTest" time="0.071"/>
  <testcase classname="com.bridgelabz.fundoonotes.restassuredtest.NoteServiceRestAssuredApiTest" name="isTrashApiTest" time="0.020"/>
  <testcase classname="com.bridgelabz.fundoonotes.restassuredtest.NoteServiceRestAssuredApiTest" name="showNotesApiTest" time="0.010"/>
  <testcase classname="com.bridgelabz.fundoonotes.restassuredtest.NoteServiceRestAssuredApiTest" name="addReminderApiTest" time="0.035"/>
  <testcase classname="com.bridgelabz.fundoonotes.restassuredtest.NoteServiceRestAssuredApiTest" name="findNoteApiTest" time="0.014"/>
  <testcase classname="com.bridgelabz.fundoonotes.restassuredtest.NoteServiceRestAssuredApiTest" name="sortNoteByDateDescApiTest" time="0.011"/>
  <testcase classname="com.bridgelabz.fundoonotes.restassuredtest.NoteServiceRestAssuredApiTest" name="sortNoteByDateAscApiTest" time="0.010"/>
  <testcase classname="com.bridgelabz.fundoonotes.restassuredtest.NoteServiceRestAssuredApiTest" name="sortNoteByTitleAscApiTest" time="0.015"/>
  <testcase classname="com.bridgelabz.fundoonotes.restassuredtest.NoteServiceRestAssuredApiTest" name="updateNoteApiTest" time="0.033"/>
</testsuite> <!-- com.bridgelabz.fundoonotes.restassuredtest.NoteServiceRestAssuredApiTest -->
