<?xml version="1.0" encoding="UTF-8"?>
<!-- Generated by org.testng.reporters.JUnitReportReporter -->
<testsuite hostname="admin1-H110M-H" failures="0" tests="8" name="com.bridgelabz.fundoonotes.restassuredtest.UserServiceRestAssuredApiTest" time="4.906" errors="0" timestamp="2019-12-11T19:33:32 IST" skipped="0">
  <testcase classname="com.bridgelabz.fundoonotes.restassuredtest.UserServiceRestAssuredApiTest" name="loginApiTest" time="0.118"/>
  <testcase classname="com.bridgelabz.fundoonotes.restassuredtest.UserServiceRestAssuredApiTest" name="addUserApiTest" time="0.993"/>
  <testcase classname="com.bridgelabz.fundoonotes.restassuredtest.UserServiceRestAssuredApiTest" name="forgetPasswordTest" time="3.582"/>
  <testcase classname="com.bridgelabz.fundoonotes.restassuredtest.UserServiceRestAssuredApiTest" name="showUsersApiTest" time="0.022"/>
  <testcase classname="com.bridgelabz.fundoonotes.restassuredtest.UserServiceRestAssuredApiTest" name="deleteUserApiTest" time="0.031"/>
  <testcase classname="com.bridgelabz.fundoonotes.restassuredtest.UserServiceRestAssuredApiTest" name="resetPasswordTest" time="0.105"/>
  <testcase classname="com.bridgelabz.fundoonotes.restassuredtest.UserServiceRestAssuredApiTest" name="findUserApiTest" time="0.023"/>
  <testcase classname="com.bridgelabz.fundoonotes.restassuredtest.UserServiceRestAssuredApiTest" name="updateUserApiTest" time="0.032"/>
</testsuite> <!-- com.bridgelabz.fundoonotes.restassuredtest.UserServiceRestAssuredApiTest -->
